<?xml version="1.0" encoding="UTF-8"?>
<!-- Generated by org.testng.reporters.JUnitReportReporter -->
<testsuite hostname="EPINBANW0240" failures="0" tests="1" name="restfullbooker.RequestSpecMultipleBooking" time="3.076" errors="0" timestamp="2021-11-30T10:48:19 IST" skipped="0">
  <testcase classname="restfullbooker.RequestSpecMultipleBooking" name="createBooking1" time="3.076"/>
  <system-out/>
</testsuite> <!-- restfullbooker.RequestSpecMultipleBooking -->
